../LVG_purged_noec_Clean_Genome already exists.
Processing assembly file. Details:
Assembly:			/lustre/isaac24/proj/UTK0312/nathaniel.haulk/projects/Dlongi_genomes/LVGandSVG_Juicebox/LVG_juicebox_files_purged/LVG_Male_primary_purged_noec.review_kac_07-10-25.assembly
Fasta:				/lustre/isaac24/scratch/nhaulk/Dlongi_genomes_USDA/LVG_Punaluu_Male/HiC_yahs_purged/LVG_Male_primary_purged_noec_converted.fasta
Output prefix:			LVG_purged_noec
Contig mode:			False
Simple Chromosome Names:	True

Reading sequences from /lustre/isaac24/scratch/nhaulk/Dlongi_genomes_USDA/LVG_Punaluu_Male/HiC_yahs_purged/LVG_Male_primary_purged_noec_converted.fasta...
.
Sequences read

Reading .assembly file /lustre/isaac24/proj/UTK0312/nathaniel.haulk/projects/Dlongi_genomes/LVGandSVG_Juicebox/LVG_juicebox_files_purged/LVG_Male_primary_purged_noec.review_kac_07-10-25.assembly...
.assembly read

Checking for breaks listed in .assembly and making them...
WARNING: original contig ctg00000029.1 is 1562600 and fragment ctg00000029.1:::fragment_3 length is 1562599
Break check complete

Writing AGP to LVG_purged_noec.agp...
Writing complete

Writing BED to LVG_purged_noec.bed...
Writing complete

Writing break report to LVG_purged_noec.break_report.txt...
Writing complete

Writing FASTA to LVG_purged_noec.fasta...
....
Success: 80 Fail 0
Writing complete

fastaparser finished parsing.
