../Clean_Genome already exists.
Processing assembly file. Details:
Assembly:			/lustre/isaac24/proj/UTK0312/nathaniel.haulk/projects/Dlongi_genomes/LVGandSVG_Juicebox/LVG_juicebox_p/LVG_Male.p_ctg_noec.review_kac_07-11-25.assembly.assembly
Fasta:				/lustre/isaac24/scratch/nhaulk/Dlongi_genomes_USDA/LVG_Punaluu_Male/HiC_yahs_p/LVG_Male.p_ctg_noec_converted.fasta
Output prefix:			test
Contig mode:			False
Simple Chromosome Names:	True

Reading sequences from /lustre/isaac24/scratch/nhaulk/Dlongi_genomes_USDA/LVG_Punaluu_Male/HiC_yahs_p/LVG_Male.p_ctg_noec_converted.fasta...
.
Sequences read

Reading .assembly file /lustre/isaac24/proj/UTK0312/nathaniel.haulk/projects/Dlongi_genomes/LVGandSVG_Juicebox/LVG_juicebox_p/LVG_Male.p_ctg_noec.review_kac_07-11-25.assembly.assembly...
.assembly read

Checking for breaks listed in .assembly and making them...
WARNING: original contig ctg00000029.1 is 2069490 and fragment ctg00000029.1:::fragment_3 length is 2069489
100 contigs processed for breaks
Break check complete

Writing AGP to test.agp...
Writing complete

Writing BED to test.bed...
Writing complete

Writing break report to test.break_report.txt...
Writing complete

Writing FASTA to test.fasta...
....
Success: 110 Fail 0
Writing complete

fastaparser finished parsing.
