Creating directory ../SVG_purged_noec_Clean_Genome
Processing assembly file. Details:
Assembly:			/lustre/isaac24/proj/UTK0312/nathaniel.haulk/projects/Dlongi_genomes/LVGandSVG_Juicebox/SVG_juicebox_purged/SVG_Male_primary_purged_noec.review_kac_07-10-25.assembly
Fasta:				/lustre/isaac24/scratch/nhaulk/Dlongi_genomes_USDA/SVG_Onekahakaha_Male/HiC_yahs_p/SVG_Male.p_ctg_noec_converted.fasta
Output prefix:			SVG_purged_noec
Contig mode:			False
Simple Chromosome Names:	True

Reading sequences from /lustre/isaac24/scratch/nhaulk/Dlongi_genomes_USDA/SVG_Onekahakaha_Male/HiC_yahs_p/SVG_Male.p_ctg_noec_converted.fasta...
.
Sequences read

Reading .assembly file /lustre/isaac24/proj/UTK0312/nathaniel.haulk/projects/Dlongi_genomes/LVGandSVG_Juicebox/SVG_juicebox_purged/SVG_Male_primary_purged_noec.review_kac_07-10-25.assembly...
.assembly read

Checking for breaks listed in .assembly and making them...
WARNING: original contig ctg00000007.1 is 2951089 and fragment ctg00000007.1:::fragment_3 length is 2951088
WARNING: original contig ctg00000018.1 is 374756 and fragment ctg00000018.1:::fragment_3 length is 374755
Break check complete

Writing AGP to SVG_purged_noec.agp...
Writing complete

Writing BED to SVG_purged_noec.bed...
Writing complete

Writing break report to SVG_purged_noec.break_report.txt...
Writing complete

Writing FASTA to SVG_purged_noec.fasta...
....
Success: 66 Fail 0
Writing complete

fastaparser finished parsing.
